2019/06/07 14:53:19 INFO  - jmeter.util.JMeterUtils: Setting Locale to en_NZ 
2019/06/07 14:53:19 INFO  - jmeter.JMeter: Loading user properties from: /usr/share/jmeter/bin/user.properties 
2019/06/07 14:53:19 INFO  - jmeter.JMeter: Loading system properties from: /usr/share/jmeter/bin/system.properties 
2019/06/07 14:53:19 INFO  - jmeter.JMeter: Copyright (c) 1998-2015 The Apache Software Foundation 
2019/06/07 14:53:19 INFO  - jmeter.JMeter: Version 2.13.20170723 
2019/06/07 14:53:19 INFO  - jmeter.JMeter: java.version=10.0.2 
2019/06/07 14:53:19 INFO  - jmeter.JMeter: java.vm.name=OpenJDK 64-Bit Server VM 
2019/06/07 14:53:19 INFO  - jmeter.JMeter: os.name=Linux 
2019/06/07 14:53:19 INFO  - jmeter.JMeter: os.arch=amd64 
2019/06/07 14:53:19 INFO  - jmeter.JMeter: os.version=4.15.0-45-generic 
2019/06/07 14:53:19 INFO  - jmeter.JMeter: file.encoding=UTF-8 
2019/06/07 14:53:19 INFO  - jmeter.JMeter: Default Locale=English (New Zealand) 
2019/06/07 14:53:19 INFO  - jmeter.JMeter: JMeter  Locale=English (New Zealand) 
2019/06/07 14:53:19 INFO  - jmeter.JMeter: JMeterHome=/usr/share/jmeter 
2019/06/07 14:53:19 INFO  - jmeter.JMeter: user.dir  =/home/ma306/composetest/Jmeter/Scenario_1/cpu3.0 
2019/06/07 14:53:19 INFO  - jmeter.JMeter: PWD       =/home/ma306/composetest/Jmeter/Scenario_1/cpu3.0 
2019/06/07 14:53:19 INFO  - jmeter.JMeter: IP: 130.217.252.20 Name: cms-r1-20 FullName: cms-r1-20.cms.waikato.ac.nz 
2019/06/07 14:53:19 INFO  - jmeter.services.FileServer: Default base='/home/ma306/composetest/Jmeter/Scenario_1/cpu3.0' 
2019/06/07 14:53:19 INFO  - jmeter.services.FileServer: Set new base='/home/ma306/composetest/Jmeter/Scenario_1/cpu3.0' 
2019/06/07 14:53:19 INFO  - jmeter.save.SaveService: Testplan (JMX) version: 2.2. Testlog (JTL) version: 2.2 
2019/06/07 14:53:19 INFO  - jmeter.save.SaveService: Using SaveService properties version 2.8 
2019/06/07 14:53:19 INFO  - jmeter.save.SaveService: Using SaveService properties file version 1656252 
2019/06/07 14:53:19 INFO  - jmeter.save.SaveService: Using SaveService properties file encoding UTF-8 
2019/06/07 14:53:19 INFO  - jmeter.save.SaveService: All converter versions present and correct 
2019/06/07 14:53:19 INFO  - jmeter.save.SaveService: Loading file: Scenario1_test_16_delay_3s_cpu_3.0.jmx 
2019/06/07 14:53:19 INFO  - jmeter.protocol.http.sampler.HTTPSamplerBase: Cannot find .className property for htmlParser, using default 
2019/06/07 14:53:19 INFO  - jmeter.protocol.http.sampler.HTTPSamplerBase: Parser for text/html is  
2019/06/07 14:53:19 INFO  - jmeter.protocol.http.sampler.HTTPSamplerBase: Parser for application/xhtml+xml is  
2019/06/07 14:53:19 INFO  - jmeter.protocol.http.sampler.HTTPSamplerBase: Parser for application/xml is  
2019/06/07 14:53:19 INFO  - jmeter.protocol.http.sampler.HTTPSamplerBase: Parser for text/xml is  
2019/06/07 14:53:19 INFO  - jmeter.protocol.http.sampler.HTTPSamplerBase: Parser for text/vnd.wap.wml is org.apache.jmeter.protocol.http.parser.RegexpHTMLParser 
2019/06/07 14:53:19 INFO  - jmeter.JMeter: Creating summariser <summary> 
2019/06/07 14:53:19 INFO  - jmeter.engine.StandardJMeterEngine: Listeners will be started after enabling running version 
2019/06/07 14:53:19 INFO  - jmeter.engine.StandardJMeterEngine: To revert to the earlier behaviour, define jmeterengine.startlistenerslater=false 
2019/06/07 14:53:19 INFO  - jmeter.engine.StandardJMeterEngine: Running the test! 
2019/06/07 14:53:19 INFO  - jmeter.samplers.SampleEvent: List of sample_variables: [] 
2019/06/07 14:53:19 INFO  - jmeter.samplers.SampleEvent: List of sample_variables: [] 
2019/06/07 14:53:19 INFO  - jmeter.engine.util.CompoundVariable: Note: Function class names must contain the string: '.functions.' 
2019/06/07 14:53:19 INFO  - jmeter.engine.util.CompoundVariable: Note: Function class names must not contain the string: '.gui.' 
2019/06/07 14:53:19 INFO  - jmeter.JMeter: Running test (1559875999643) 
2019/06/07 14:53:19 INFO  - jmeter.engine.StandardJMeterEngine: Starting ThreadGroup: 1 : Scenario 1 
2019/06/07 14:53:19 INFO  - jmeter.engine.StandardJMeterEngine: Starting 50 threads for group Scenario 1. 
2019/06/07 14:53:19 INFO  - jmeter.engine.StandardJMeterEngine: Thread will continue on error 
2019/06/07 14:53:19 INFO  - jmeter.threads.ThreadGroup: Starting thread group number 1 threads 50 ramp-up 1 perThread 20.0 delayedStart=false 
2019/06/07 14:53:19 INFO  - jmeter.threads.JMeterThread: jmeterthread.startearlier=true (see jmeter.properties) 
2019/06/07 14:53:19 INFO  - jmeter.threads.JMeterThread: Running PostProcessors in forward order 
2019/06/07 14:53:19 INFO  - jmeter.threads.JMeterThread: Thread started: Scenario 1 1-1 
2019/06/07 14:53:19 INFO  - jmeter.threads.JMeterThread: Thread started: Scenario 1 1-2 
2019/06/07 14:53:19 INFO  - jmeter.threads.ThreadGroup: Started thread group number 1 
2019/06/07 14:53:19 INFO  - jmeter.engine.StandardJMeterEngine: All thread groups have been started 
2019/06/07 14:53:19 INFO  - jmeter.threads.JMeterThread: Thread started: Scenario 1 1-3 
2019/06/07 14:53:19 INFO  - jmeter.threads.JMeterThread: Thread started: Scenario 1 1-4 
2019/06/07 14:53:19 INFO  - jmeter.threads.JMeterThread: Thread started: Scenario 1 1-5 
2019/06/07 14:53:19 INFO  - jmeter.threads.JMeterThread: Thread started: Scenario 1 1-6 
2019/06/07 14:53:19 INFO  - jmeter.threads.JMeterThread: Thread started: Scenario 1 1-7 
2019/06/07 14:53:19 INFO  - jmeter.threads.JMeterThread: Thread started: Scenario 1 1-8 
2019/06/07 14:53:19 INFO  - jmeter.threads.JMeterThread: Thread started: Scenario 1 1-9 
2019/06/07 14:53:19 INFO  - jmeter.threads.JMeterThread: Thread started: Scenario 1 1-10 
2019/06/07 14:53:19 INFO  - jmeter.threads.JMeterThread: Thread started: Scenario 1 1-11 
2019/06/07 14:53:19 INFO  - jmeter.threads.JMeterThread: Thread started: Scenario 1 1-12 
2019/06/07 14:53:19 INFO  - jmeter.threads.JMeterThread: Thread started: Scenario 1 1-13 
2019/06/07 14:53:19 INFO  - jmeter.threads.JMeterThread: Thread started: Scenario 1 1-14 
2019/06/07 14:53:19 INFO  - jmeter.threads.JMeterThread: Thread started: Scenario 1 1-15 
2019/06/07 14:53:19 INFO  - jmeter.threads.JMeterThread: Thread started: Scenario 1 1-16 
2019/06/07 14:53:20 INFO  - jmeter.threads.JMeterThread: Thread started: Scenario 1 1-17 
2019/06/07 14:53:20 INFO  - jmeter.threads.JMeterThread: Thread started: Scenario 1 1-18 
2019/06/07 14:53:20 INFO  - jmeter.threads.JMeterThread: Thread started: Scenario 1 1-19 
2019/06/07 14:53:20 INFO  - jmeter.threads.JMeterThread: Thread started: Scenario 1 1-20 
2019/06/07 14:53:20 INFO  - jmeter.threads.JMeterThread: Thread started: Scenario 1 1-21 
2019/06/07 14:53:20 INFO  - jmeter.threads.JMeterThread: Thread started: Scenario 1 1-22 
2019/06/07 14:53:20 INFO  - jmeter.threads.JMeterThread: Thread started: Scenario 1 1-23 
2019/06/07 14:53:20 INFO  - jmeter.threads.JMeterThread: Thread started: Scenario 1 1-24 
2019/06/07 14:53:20 INFO  - jmeter.threads.JMeterThread: Thread started: Scenario 1 1-25 
2019/06/07 14:53:20 INFO  - jmeter.threads.JMeterThread: Thread started: Scenario 1 1-26 
2019/06/07 14:53:20 INFO  - jmeter.threads.JMeterThread: Thread started: Scenario 1 1-27 
2019/06/07 14:53:20 INFO  - jmeter.threads.JMeterThread: Thread started: Scenario 1 1-28 
2019/06/07 14:53:20 INFO  - jmeter.threads.JMeterThread: Thread started: Scenario 1 1-29 
2019/06/07 14:53:20 INFO  - jmeter.threads.JMeterThread: Thread started: Scenario 1 1-30 
2019/06/07 14:53:20 INFO  - jmeter.threads.JMeterThread: Thread started: Scenario 1 1-31 
2019/06/07 14:53:20 INFO  - jmeter.threads.JMeterThread: Thread started: Scenario 1 1-32 
2019/06/07 14:53:20 INFO  - jmeter.threads.JMeterThread: Thread started: Scenario 1 1-33 
2019/06/07 14:53:20 INFO  - jmeter.threads.JMeterThread: Thread started: Scenario 1 1-34 
2019/06/07 14:53:20 INFO  - jmeter.threads.JMeterThread: Thread started: Scenario 1 1-35 
2019/06/07 14:53:20 INFO  - jmeter.threads.JMeterThread: Thread started: Scenario 1 1-36 
2019/06/07 14:53:20 INFO  - jmeter.threads.JMeterThread: Thread started: Scenario 1 1-37 
2019/06/07 14:53:20 INFO  - jmeter.threads.JMeterThread: Thread started: Scenario 1 1-38 
2019/06/07 14:53:20 INFO  - jmeter.threads.JMeterThread: Thread started: Scenario 1 1-39 
2019/06/07 14:53:20 INFO  - jmeter.threads.JMeterThread: Thread started: Scenario 1 1-40 
2019/06/07 14:53:20 INFO  - jmeter.threads.JMeterThread: Thread started: Scenario 1 1-41 
2019/06/07 14:53:20 INFO  - jmeter.threads.JMeterThread: Thread started: Scenario 1 1-42 
2019/06/07 14:53:20 INFO  - jmeter.threads.JMeterThread: Thread started: Scenario 1 1-43 
2019/06/07 14:53:20 INFO  - jmeter.threads.JMeterThread: Thread started: Scenario 1 1-44 
2019/06/07 14:53:20 INFO  - jmeter.threads.JMeterThread: Thread started: Scenario 1 1-45 
2019/06/07 14:53:20 INFO  - jmeter.threads.JMeterThread: Thread started: Scenario 1 1-46 
2019/06/07 14:53:20 INFO  - jmeter.threads.JMeterThread: Thread started: Scenario 1 1-47 
2019/06/07 14:53:20 INFO  - jmeter.threads.JMeterThread: Thread started: Scenario 1 1-48 
2019/06/07 14:53:20 INFO  - jmeter.threads.JMeterThread: Thread started: Scenario 1 1-49 
2019/06/07 14:53:20 INFO  - jmeter.threads.JMeterThread: Thread started: Scenario 1 1-50 
2019/06/07 14:53:22 INFO  - jmeter.protocol.http.sampler.HTTPHCAbstractImpl: Local host = cms-r1-20 
2019/06/07 14:53:22 INFO  - jmeter.protocol.http.sampler.HTTPHC4Impl: HTTP request retry count = 0 
2019/06/07 14:53:22 INFO  - jmeter.protocol.http.sampler.HTTPHC4Impl: Setting up HTTPS TrustAll scheme 
2019/06/07 14:53:22 INFO  - jmeter.util.JsseSSLManager: Using default SSL protocol: TLS 
2019/06/07 14:53:22 INFO  - jmeter.util.JsseSSLManager: SSL session context: per-thread 
2019/06/07 14:53:22 INFO  - jmeter.samplers.SampleResult: Note: Sample TimeStamps are START times 
2019/06/07 14:53:22 INFO  - jmeter.samplers.SampleResult: sampleresult.default.encoding is set to ISO-8859-1 
2019/06/07 14:53:22 INFO  - jmeter.samplers.SampleResult: sampleresult.useNanoTime=true 
2019/06/07 14:53:22 INFO  - jmeter.samplers.SampleResult: sampleresult.nanoThreadSleep=5000 
2019/06/07 14:53:31 INFO  - jmeter.reporters.Summariser: summary +    151 in  12.3s =   12.3/s Avg:    20 Min:     2 Max:   171 Err:     0 (0.00%) Active: 50 Started: 50 Finished: 0 
2019/06/07 14:54:02 INFO  - jmeter.reporters.Summariser: summary +    500 in  30.1s =   16.6/s Avg:     7 Min:     1 Max:    92 Err:     0 (0.00%) Active: 50 Started: 50 Finished: 0 
2019/06/07 14:54:02 INFO  - jmeter.reporters.Summariser: summary =    651 in  42.4s =   15.4/s Avg:    10 Min:     1 Max:   171 Err:     0 (0.00%) 
2019/06/07 14:54:20 INFO  - jmeter.threads.JMeterThread: Stopping because end time detected by thread: Scenario 1 1-2 
2019/06/07 14:54:20 INFO  - jmeter.threads.JMeterThread: Thread finished: Scenario 1 1-2 
2019/06/07 14:54:20 INFO  - jmeter.threads.JMeterThread: Stopping because end time detected by thread: Scenario 1 1-3 
2019/06/07 14:54:20 INFO  - jmeter.threads.JMeterThread: Stopping because end time detected by thread: Scenario 1 1-11 
2019/06/07 14:54:20 INFO  - jmeter.threads.JMeterThread: Thread finished: Scenario 1 1-3 
2019/06/07 14:54:20 INFO  - jmeter.threads.JMeterThread: Thread finished: Scenario 1 1-11 
2019/06/07 14:54:20 INFO  - jmeter.threads.JMeterThread: Stopping because end time detected by thread: Scenario 1 1-5 
2019/06/07 14:54:20 INFO  - jmeter.threads.JMeterThread: Thread finished: Scenario 1 1-5 
2019/06/07 14:54:20 INFO  - jmeter.threads.JMeterThread: Stopping because end time detected by thread: Scenario 1 1-9 
2019/06/07 14:54:20 INFO  - jmeter.threads.JMeterThread: Thread finished: Scenario 1 1-9 
2019/06/07 14:54:20 INFO  - jmeter.threads.JMeterThread: Stopping because end time detected by thread: Scenario 1 1-8 
2019/06/07 14:54:20 INFO  - jmeter.threads.JMeterThread: Thread finished: Scenario 1 1-8 
2019/06/07 14:54:20 INFO  - jmeter.threads.JMeterThread: Stopping because end time detected by thread: Scenario 1 1-1 
2019/06/07 14:54:20 INFO  - jmeter.threads.JMeterThread: Thread finished: Scenario 1 1-1 
2019/06/07 14:54:20 INFO  - jmeter.threads.JMeterThread: Stopping because end time detected by thread: Scenario 1 1-7 
2019/06/07 14:54:20 INFO  - jmeter.threads.JMeterThread: Thread finished: Scenario 1 1-7 
2019/06/07 14:54:20 INFO  - jmeter.threads.JMeterThread: Stopping because end time detected by thread: Scenario 1 1-12 
2019/06/07 14:54:20 INFO  - jmeter.threads.JMeterThread: Thread finished: Scenario 1 1-12 
2019/06/07 14:54:20 INFO  - jmeter.threads.JMeterThread: Stopping because end time detected by thread: Scenario 1 1-4 
2019/06/07 14:54:20 INFO  - jmeter.threads.JMeterThread: Thread finished: Scenario 1 1-4 
2019/06/07 14:54:20 INFO  - jmeter.threads.JMeterThread: Stopping because end time detected by thread: Scenario 1 1-19 
2019/06/07 14:54:20 INFO  - jmeter.threads.JMeterThread: Thread finished: Scenario 1 1-19 
2019/06/07 14:54:20 INFO  - jmeter.threads.JMeterThread: Stopping because end time detected by thread: Scenario 1 1-13 
2019/06/07 14:54:20 INFO  - jmeter.threads.JMeterThread: Thread finished: Scenario 1 1-13 
2019/06/07 14:54:20 INFO  - jmeter.threads.JMeterThread: Stopping because end time detected by thread: Scenario 1 1-16 
2019/06/07 14:54:20 INFO  - jmeter.threads.JMeterThread: Thread finished: Scenario 1 1-16 
2019/06/07 14:54:20 INFO  - jmeter.threads.JMeterThread: Stopping because end time detected by thread: Scenario 1 1-21 
2019/06/07 14:54:20 INFO  - jmeter.threads.JMeterThread: Thread finished: Scenario 1 1-21 
2019/06/07 14:54:20 INFO  - jmeter.threads.JMeterThread: Stopping because end time detected by thread: Scenario 1 1-20 
2019/06/07 14:54:20 INFO  - jmeter.threads.JMeterThread: Thread finished: Scenario 1 1-20 
2019/06/07 14:54:20 INFO  - jmeter.threads.JMeterThread: Stopping because end time detected by thread: Scenario 1 1-14 
2019/06/07 14:54:20 INFO  - jmeter.threads.JMeterThread: Thread finished: Scenario 1 1-14 
2019/06/07 14:54:20 INFO  - jmeter.threads.JMeterThread: Stopping because end time detected by thread: Scenario 1 1-6 
2019/06/07 14:54:20 INFO  - jmeter.threads.JMeterThread: Thread finished: Scenario 1 1-6 
2019/06/07 14:54:20 INFO  - jmeter.threads.JMeterThread: Stopping because end time detected by thread: Scenario 1 1-15 
2019/06/07 14:54:20 INFO  - jmeter.threads.JMeterThread: Thread finished: Scenario 1 1-15 
2019/06/07 14:54:20 INFO  - jmeter.threads.JMeterThread: Stopping because end time detected by thread: Scenario 1 1-10 
2019/06/07 14:54:20 INFO  - jmeter.threads.JMeterThread: Thread finished: Scenario 1 1-10 
2019/06/07 14:54:20 INFO  - jmeter.threads.JMeterThread: Stopping because end time detected by thread: Scenario 1 1-22 
2019/06/07 14:54:20 INFO  - jmeter.threads.JMeterThread: Thread finished: Scenario 1 1-22 
2019/06/07 14:54:20 INFO  - jmeter.threads.JMeterThread: Stopping because end time detected by thread: Scenario 1 1-17 
2019/06/07 14:54:20 INFO  - jmeter.threads.JMeterThread: Thread finished: Scenario 1 1-17 
2019/06/07 14:54:20 INFO  - jmeter.threads.JMeterThread: Stopping because end time detected by thread: Scenario 1 1-18 
2019/06/07 14:54:20 INFO  - jmeter.threads.JMeterThread: Thread finished: Scenario 1 1-18 
2019/06/07 14:54:20 INFO  - jmeter.threads.JMeterThread: Stopping because end time detected by thread: Scenario 1 1-26 
2019/06/07 14:54:20 INFO  - jmeter.threads.JMeterThread: Thread finished: Scenario 1 1-26 
2019/06/07 14:54:20 INFO  - jmeter.threads.JMeterThread: Stopping because end time detected by thread: Scenario 1 1-28 
2019/06/07 14:54:20 INFO  - jmeter.threads.JMeterThread: Thread finished: Scenario 1 1-28 
2019/06/07 14:54:20 INFO  - jmeter.threads.JMeterThread: Stopping because end time detected by thread: Scenario 1 1-27 
2019/06/07 14:54:20 INFO  - jmeter.threads.JMeterThread: Thread finished: Scenario 1 1-27 
2019/06/07 14:54:20 INFO  - jmeter.threads.JMeterThread: Stopping because end time detected by thread: Scenario 1 1-24 
2019/06/07 14:54:20 INFO  - jmeter.threads.JMeterThread: Thread finished: Scenario 1 1-24 
2019/06/07 14:54:20 INFO  - jmeter.threads.JMeterThread: Stopping because end time detected by thread: Scenario 1 1-29 
2019/06/07 14:54:20 INFO  - jmeter.threads.JMeterThread: Thread finished: Scenario 1 1-29 
2019/06/07 14:54:20 INFO  - jmeter.threads.JMeterThread: Stopping because end time detected by thread: Scenario 1 1-25 
2019/06/07 14:54:20 INFO  - jmeter.threads.JMeterThread: Thread finished: Scenario 1 1-25 
2019/06/07 14:54:20 INFO  - jmeter.threads.JMeterThread: Stopping because end time detected by thread: Scenario 1 1-23 
2019/06/07 14:54:20 INFO  - jmeter.threads.JMeterThread: Stopping because end time detected by thread: Scenario 1 1-30 
2019/06/07 14:54:20 INFO  - jmeter.threads.JMeterThread: Thread finished: Scenario 1 1-23 
2019/06/07 14:54:20 INFO  - jmeter.threads.JMeterThread: Thread finished: Scenario 1 1-30 
2019/06/07 14:54:20 INFO  - jmeter.threads.JMeterThread: Stopping because end time detected by thread: Scenario 1 1-31 
2019/06/07 14:54:20 INFO  - jmeter.threads.JMeterThread: Thread finished: Scenario 1 1-31 
2019/06/07 14:54:20 INFO  - jmeter.threads.JMeterThread: Stopping because end time detected by thread: Scenario 1 1-32 
2019/06/07 14:54:20 INFO  - jmeter.threads.JMeterThread: Thread finished: Scenario 1 1-32 
2019/06/07 14:54:20 INFO  - jmeter.threads.JMeterThread: Stopping because end time detected by thread: Scenario 1 1-33 
2019/06/07 14:54:20 INFO  - jmeter.threads.JMeterThread: Thread finished: Scenario 1 1-33 
2019/06/07 14:54:20 INFO  - jmeter.threads.JMeterThread: Stopping because end time detected by thread: Scenario 1 1-34 
2019/06/07 14:54:20 INFO  - jmeter.threads.JMeterThread: Thread finished: Scenario 1 1-34 
2019/06/07 14:54:20 INFO  - jmeter.threads.JMeterThread: Stopping because end time detected by thread: Scenario 1 1-35 
2019/06/07 14:54:20 INFO  - jmeter.threads.JMeterThread: Thread finished: Scenario 1 1-35 
2019/06/07 14:54:20 INFO  - jmeter.threads.JMeterThread: Stopping because end time detected by thread: Scenario 1 1-36 
2019/06/07 14:54:20 INFO  - jmeter.threads.JMeterThread: Thread finished: Scenario 1 1-36 
2019/06/07 14:54:20 INFO  - jmeter.threads.JMeterThread: Stopping because end time detected by thread: Scenario 1 1-37 
2019/06/07 14:54:20 INFO  - jmeter.threads.JMeterThread: Thread finished: Scenario 1 1-37 
2019/06/07 14:54:20 INFO  - jmeter.threads.JMeterThread: Stopping because end time detected by thread: Scenario 1 1-38 
2019/06/07 14:54:20 INFO  - jmeter.threads.JMeterThread: Thread finished: Scenario 1 1-38 
2019/06/07 14:54:20 INFO  - jmeter.threads.JMeterThread: Stopping because end time detected by thread: Scenario 1 1-40 
2019/06/07 14:54:20 INFO  - jmeter.threads.JMeterThread: Thread finished: Scenario 1 1-40 
2019/06/07 14:54:20 INFO  - jmeter.threads.JMeterThread: Stopping because end time detected by thread: Scenario 1 1-39 
2019/06/07 14:54:20 INFO  - jmeter.threads.JMeterThread: Thread finished: Scenario 1 1-39 
2019/06/07 14:54:20 INFO  - jmeter.threads.JMeterThread: Stopping because end time detected by thread: Scenario 1 1-41 
2019/06/07 14:54:20 INFO  - jmeter.threads.JMeterThread: Thread finished: Scenario 1 1-41 
2019/06/07 14:54:20 INFO  - jmeter.threads.JMeterThread: Stopping because end time detected by thread: Scenario 1 1-42 
2019/06/07 14:54:20 INFO  - jmeter.threads.JMeterThread: Thread finished: Scenario 1 1-42 
2019/06/07 14:54:20 INFO  - jmeter.threads.JMeterThread: Stopping because end time detected by thread: Scenario 1 1-43 
2019/06/07 14:54:20 INFO  - jmeter.threads.JMeterThread: Thread finished: Scenario 1 1-43 
2019/06/07 14:54:20 INFO  - jmeter.threads.JMeterThread: Stopping because end time detected by thread: Scenario 1 1-45 
2019/06/07 14:54:20 INFO  - jmeter.threads.JMeterThread: Thread finished: Scenario 1 1-45 
2019/06/07 14:54:20 INFO  - jmeter.threads.JMeterThread: Stopping because end time detected by thread: Scenario 1 1-47 
2019/06/07 14:54:20 INFO  - jmeter.threads.JMeterThread: Thread finished: Scenario 1 1-47 
2019/06/07 14:54:20 INFO  - jmeter.threads.JMeterThread: Stopping because end time detected by thread: Scenario 1 1-46 
2019/06/07 14:54:20 INFO  - jmeter.threads.JMeterThread: Thread finished: Scenario 1 1-46 
2019/06/07 14:54:20 INFO  - jmeter.threads.JMeterThread: Stopping because end time detected by thread: Scenario 1 1-44 
2019/06/07 14:54:20 INFO  - jmeter.threads.JMeterThread: Thread finished: Scenario 1 1-44 
2019/06/07 14:54:20 INFO  - jmeter.threads.JMeterThread: Stopping because end time detected by thread: Scenario 1 1-48 
2019/06/07 14:54:20 INFO  - jmeter.threads.JMeterThread: Thread finished: Scenario 1 1-48 
2019/06/07 14:54:20 INFO  - jmeter.threads.JMeterThread: Stopping because end time detected by thread: Scenario 1 1-50 
2019/06/07 14:54:20 INFO  - jmeter.threads.JMeterThread: Thread finished: Scenario 1 1-50 
2019/06/07 14:54:20 INFO  - jmeter.threads.JMeterThread: Stopping because end time detected by thread: Scenario 1 1-49 
2019/06/07 14:54:20 INFO  - jmeter.threads.JMeterThread: Thread finished: Scenario 1 1-49 
2019/06/07 14:54:20 INFO  - jmeter.engine.StandardJMeterEngine: Notifying test listeners of end of test 
2019/06/07 14:54:20 INFO  - jmeter.reporters.Summariser: summary +    349 in    19s =   18.5/s Avg:     7 Min:     1 Max:    71 Err:     0 (0.00%) Active: 0 Started: 50 Finished: 50 
2019/06/07 14:54:20 INFO  - jmeter.reporters.Summariser: summary =   1000 in  61.3s =   16.3/s Avg:     9 Min:     1 Max:   171 Err:     0 (0.00%) 
