2019/06/07 14:58:16 INFO  - jmeter.util.JMeterUtils: Setting Locale to en_NZ 
2019/06/07 14:58:16 INFO  - jmeter.JMeter: Loading user properties from: /usr/share/jmeter/bin/user.properties 
2019/06/07 14:58:16 INFO  - jmeter.JMeter: Loading system properties from: /usr/share/jmeter/bin/system.properties 
2019/06/07 14:58:16 INFO  - jmeter.JMeter: Copyright (c) 1998-2015 The Apache Software Foundation 
2019/06/07 14:58:16 INFO  - jmeter.JMeter: Version 2.13.20170723 
2019/06/07 14:58:16 INFO  - jmeter.JMeter: java.version=10.0.2 
2019/06/07 14:58:16 INFO  - jmeter.JMeter: java.vm.name=OpenJDK 64-Bit Server VM 
2019/06/07 14:58:16 INFO  - jmeter.JMeter: os.name=Linux 
2019/06/07 14:58:16 INFO  - jmeter.JMeter: os.arch=amd64 
2019/06/07 14:58:16 INFO  - jmeter.JMeter: os.version=4.15.0-45-generic 
2019/06/07 14:58:16 INFO  - jmeter.JMeter: file.encoding=UTF-8 
2019/06/07 14:58:16 INFO  - jmeter.JMeter: Default Locale=English (New Zealand) 
2019/06/07 14:58:16 INFO  - jmeter.JMeter: JMeter  Locale=English (New Zealand) 
2019/06/07 14:58:16 INFO  - jmeter.JMeter: JMeterHome=/usr/share/jmeter 
2019/06/07 14:58:16 INFO  - jmeter.JMeter: user.dir  =/home/ma306/composetest/Jmeter/Scenario_2/cpu3.0 
2019/06/07 14:58:16 INFO  - jmeter.JMeter: PWD       =/home/ma306/composetest/Jmeter/Scenario_2/cpu3.0 
2019/06/07 14:58:16 INFO  - jmeter.JMeter: IP: 130.217.252.20 Name: cms-r1-20 FullName: cms-r1-20.cms.waikato.ac.nz 
2019/06/07 14:58:16 INFO  - jmeter.services.FileServer: Default base='/home/ma306/composetest/Jmeter/Scenario_2/cpu3.0' 
2019/06/07 14:58:16 INFO  - jmeter.services.FileServer: Set new base='/home/ma306/composetest/Jmeter/Scenario_2/cpu3.0' 
2019/06/07 14:58:16 INFO  - jmeter.save.SaveService: Testplan (JMX) version: 2.2. Testlog (JTL) version: 2.2 
2019/06/07 14:58:16 INFO  - jmeter.save.SaveService: Using SaveService properties version 2.8 
2019/06/07 14:58:16 INFO  - jmeter.save.SaveService: Using SaveService properties file version 1656252 
2019/06/07 14:58:16 INFO  - jmeter.save.SaveService: Using SaveService properties file encoding UTF-8 
2019/06/07 14:58:16 INFO  - jmeter.save.SaveService: All converter versions present and correct 
2019/06/07 14:58:16 INFO  - jmeter.save.SaveService: Loading file: Scenario2_test32_delay_3.0s_cpu_2.0.jmx 
2019/06/07 14:58:16 INFO  - jmeter.protocol.http.sampler.HTTPSamplerBase: Cannot find .className property for htmlParser, using default 
2019/06/07 14:58:16 INFO  - jmeter.protocol.http.sampler.HTTPSamplerBase: Parser for text/html is  
2019/06/07 14:58:16 INFO  - jmeter.protocol.http.sampler.HTTPSamplerBase: Parser for application/xhtml+xml is  
2019/06/07 14:58:16 INFO  - jmeter.protocol.http.sampler.HTTPSamplerBase: Parser for application/xml is  
2019/06/07 14:58:16 INFO  - jmeter.protocol.http.sampler.HTTPSamplerBase: Parser for text/xml is  
2019/06/07 14:58:16 INFO  - jmeter.protocol.http.sampler.HTTPSamplerBase: Parser for text/vnd.wap.wml is org.apache.jmeter.protocol.http.parser.RegexpHTMLParser 
2019/06/07 14:58:16 INFO  - jmeter.JMeter: Creating summariser <summary> 
2019/06/07 14:58:16 INFO  - jmeter.engine.StandardJMeterEngine: Listeners will be started after enabling running version 
2019/06/07 14:58:16 INFO  - jmeter.engine.StandardJMeterEngine: To revert to the earlier behaviour, define jmeterengine.startlistenerslater=false 
2019/06/07 14:58:16 INFO  - jmeter.engine.StandardJMeterEngine: Running the test! 
2019/06/07 14:58:16 INFO  - jmeter.samplers.SampleEvent: List of sample_variables: [] 
2019/06/07 14:58:16 INFO  - jmeter.samplers.SampleEvent: List of sample_variables: [] 
2019/06/07 14:58:16 INFO  - jmeter.engine.util.CompoundVariable: Note: Function class names must contain the string: '.functions.' 
2019/06/07 14:58:16 INFO  - jmeter.engine.util.CompoundVariable: Note: Function class names must not contain the string: '.gui.' 
2019/06/07 14:58:16 INFO  - jmeter.JMeter: Running test (1559876296625) 
2019/06/07 14:58:16 INFO  - jmeter.engine.StandardJMeterEngine: Starting ThreadGroup: 1 : Scenario 2 
2019/06/07 14:58:16 INFO  - jmeter.engine.StandardJMeterEngine: Starting 50 threads for group Scenario 2. 
2019/06/07 14:58:16 INFO  - jmeter.engine.StandardJMeterEngine: Thread will continue on error 
2019/06/07 14:58:16 INFO  - jmeter.threads.ThreadGroup: Starting thread group number 1 threads 50 ramp-up 1 perThread 20.0 delayedStart=false 
2019/06/07 14:58:16 INFO  - jmeter.threads.JMeterThread: jmeterthread.startearlier=true (see jmeter.properties) 
2019/06/07 14:58:16 INFO  - jmeter.threads.JMeterThread: Running PostProcessors in forward order 
2019/06/07 14:58:16 INFO  - jmeter.threads.JMeterThread: Thread started: Scenario 2 1-1 
2019/06/07 14:58:16 INFO  - jmeter.threads.JMeterThread: Thread started: Scenario 2 1-2 
2019/06/07 14:58:16 INFO  - jmeter.threads.ThreadGroup: Started thread group number 1 
2019/06/07 14:58:16 INFO  - jmeter.engine.StandardJMeterEngine: All thread groups have been started 
2019/06/07 14:58:16 INFO  - jmeter.threads.JMeterThread: Thread started: Scenario 2 1-3 
2019/06/07 14:58:16 INFO  - jmeter.threads.JMeterThread: Thread started: Scenario 2 1-4 
2019/06/07 14:58:16 INFO  - jmeter.threads.JMeterThread: Thread started: Scenario 2 1-5 
2019/06/07 14:58:16 INFO  - jmeter.threads.JMeterThread: Thread started: Scenario 2 1-6 
2019/06/07 14:58:16 INFO  - jmeter.threads.JMeterThread: Thread started: Scenario 2 1-7 
2019/06/07 14:58:16 INFO  - jmeter.threads.JMeterThread: Thread started: Scenario 2 1-8 
2019/06/07 14:58:16 INFO  - jmeter.threads.JMeterThread: Thread started: Scenario 2 1-9 
2019/06/07 14:58:16 INFO  - jmeter.threads.JMeterThread: Thread started: Scenario 2 1-10 
2019/06/07 14:58:16 INFO  - jmeter.threads.JMeterThread: Thread started: Scenario 2 1-11 
2019/06/07 14:58:16 INFO  - jmeter.threads.JMeterThread: Thread started: Scenario 2 1-12 
2019/06/07 14:58:16 INFO  - jmeter.threads.JMeterThread: Thread started: Scenario 2 1-13 
2019/06/07 14:58:16 INFO  - jmeter.threads.JMeterThread: Thread started: Scenario 2 1-14 
2019/06/07 14:58:17 INFO  - jmeter.threads.JMeterThread: Thread started: Scenario 2 1-15 
2019/06/07 14:58:17 INFO  - jmeter.threads.JMeterThread: Thread started: Scenario 2 1-16 
2019/06/07 14:58:17 INFO  - jmeter.threads.JMeterThread: Thread started: Scenario 2 1-17 
2019/06/07 14:58:17 INFO  - jmeter.threads.JMeterThread: Thread started: Scenario 2 1-18 
2019/06/07 14:58:17 INFO  - jmeter.threads.JMeterThread: Thread started: Scenario 2 1-19 
2019/06/07 14:58:17 INFO  - jmeter.threads.JMeterThread: Thread started: Scenario 2 1-20 
2019/06/07 14:58:17 INFO  - jmeter.threads.JMeterThread: Thread started: Scenario 2 1-21 
2019/06/07 14:58:17 INFO  - jmeter.threads.JMeterThread: Thread started: Scenario 2 1-22 
2019/06/07 14:58:17 INFO  - jmeter.threads.JMeterThread: Thread started: Scenario 2 1-23 
2019/06/07 14:58:17 INFO  - jmeter.threads.JMeterThread: Thread started: Scenario 2 1-24 
2019/06/07 14:58:17 INFO  - jmeter.threads.JMeterThread: Thread started: Scenario 2 1-25 
2019/06/07 14:58:17 INFO  - jmeter.threads.JMeterThread: Thread started: Scenario 2 1-26 
2019/06/07 14:58:17 INFO  - jmeter.threads.JMeterThread: Thread started: Scenario 2 1-27 
2019/06/07 14:58:17 INFO  - jmeter.threads.JMeterThread: Thread started: Scenario 2 1-28 
2019/06/07 14:58:17 INFO  - jmeter.threads.JMeterThread: Thread started: Scenario 2 1-29 
2019/06/07 14:58:17 INFO  - jmeter.threads.JMeterThread: Thread started: Scenario 2 1-30 
2019/06/07 14:58:17 INFO  - jmeter.threads.JMeterThread: Thread started: Scenario 2 1-31 
2019/06/07 14:58:17 INFO  - jmeter.threads.JMeterThread: Thread started: Scenario 2 1-32 
2019/06/07 14:58:17 INFO  - jmeter.threads.JMeterThread: Thread started: Scenario 2 1-33 
2019/06/07 14:58:17 INFO  - jmeter.threads.JMeterThread: Thread started: Scenario 2 1-34 
2019/06/07 14:58:17 INFO  - jmeter.threads.JMeterThread: Thread started: Scenario 2 1-35 
2019/06/07 14:58:17 INFO  - jmeter.threads.JMeterThread: Thread started: Scenario 2 1-36 
2019/06/07 14:58:17 INFO  - jmeter.threads.JMeterThread: Thread started: Scenario 2 1-37 
2019/06/07 14:58:17 INFO  - jmeter.threads.JMeterThread: Thread started: Scenario 2 1-38 
2019/06/07 14:58:17 INFO  - jmeter.threads.JMeterThread: Thread started: Scenario 2 1-39 
2019/06/07 14:58:17 INFO  - jmeter.threads.JMeterThread: Thread started: Scenario 2 1-40 
2019/06/07 14:58:17 INFO  - jmeter.threads.JMeterThread: Thread started: Scenario 2 1-41 
2019/06/07 14:58:17 INFO  - jmeter.threads.JMeterThread: Thread started: Scenario 2 1-42 
2019/06/07 14:58:17 INFO  - jmeter.threads.JMeterThread: Thread started: Scenario 2 1-43 
2019/06/07 14:58:17 INFO  - jmeter.threads.JMeterThread: Thread started: Scenario 2 1-44 
2019/06/07 14:58:17 INFO  - jmeter.threads.JMeterThread: Thread started: Scenario 2 1-45 
2019/06/07 14:58:17 INFO  - jmeter.threads.JMeterThread: Thread started: Scenario 2 1-46 
2019/06/07 14:58:17 INFO  - jmeter.threads.JMeterThread: Thread started: Scenario 2 1-47 
2019/06/07 14:58:17 INFO  - jmeter.threads.JMeterThread: Thread started: Scenario 2 1-48 
2019/06/07 14:58:17 INFO  - jmeter.threads.JMeterThread: Thread started: Scenario 2 1-49 
2019/06/07 14:58:17 INFO  - jmeter.threads.JMeterThread: Thread started: Scenario 2 1-50 
2019/06/07 14:58:19 INFO  - jmeter.protocol.http.sampler.HTTPHCAbstractImpl: Local host = cms-r1-20 
2019/06/07 14:58:19 INFO  - jmeter.protocol.http.sampler.HTTPHC4Impl: HTTP request retry count = 0 
2019/06/07 14:58:19 INFO  - jmeter.protocol.http.sampler.HTTPHC4Impl: Setting up HTTPS TrustAll scheme 
2019/06/07 14:58:19 INFO  - jmeter.util.JsseSSLManager: Using default SSL protocol: TLS 
2019/06/07 14:58:19 INFO  - jmeter.util.JsseSSLManager: SSL session context: per-thread 
2019/06/07 14:58:19 INFO  - jmeter.samplers.SampleResult: Note: Sample TimeStamps are START times 
2019/06/07 14:58:19 INFO  - jmeter.samplers.SampleResult: sampleresult.default.encoding is set to ISO-8859-1 
2019/06/07 14:58:19 INFO  - jmeter.samplers.SampleResult: sampleresult.useNanoTime=true 
2019/06/07 14:58:19 INFO  - jmeter.samplers.SampleResult: sampleresult.nanoThreadSleep=5000 
2019/06/07 14:58:30 INFO  - jmeter.reporters.Summariser: summary +    173 in  13.4s =   12.9/s Avg:   188 Min:     1 Max:   831 Err:     0 (0.00%) Active: 50 Started: 50 Finished: 0 
2019/06/07 14:59:00 INFO  - jmeter.reporters.Summariser: summary +    488 in  30.1s =   16.2/s Avg:    92 Min:     1 Max:   871 Err:     0 (0.00%) Active: 50 Started: 50 Finished: 0 
2019/06/07 14:59:00 INFO  - jmeter.reporters.Summariser: summary =    661 in  43.5s =   15.2/s Avg:   117 Min:     1 Max:   871 Err:     0 (0.00%) 
2019/06/07 14:59:16 INFO  - jmeter.threads.JMeterThread: Stopping because end time detected by thread: Scenario 2 1-27 
2019/06/07 14:59:16 INFO  - jmeter.threads.JMeterThread: Thread finished: Scenario 2 1-27 
2019/06/07 14:59:16 INFO  - jmeter.threads.JMeterThread: Stopping because end time detected by thread: Scenario 2 1-25 
2019/06/07 14:59:16 INFO  - jmeter.threads.JMeterThread: Thread finished: Scenario 2 1-25 
2019/06/07 14:59:16 INFO  - jmeter.threads.JMeterThread: Stopping because end time detected by thread: Scenario 2 1-26 
2019/06/07 14:59:16 INFO  - jmeter.threads.JMeterThread: Thread finished: Scenario 2 1-26 
2019/06/07 14:59:16 INFO  - jmeter.threads.JMeterThread: Stopping because end time detected by thread: Scenario 2 1-29 
2019/06/07 14:59:16 INFO  - jmeter.threads.JMeterThread: Thread finished: Scenario 2 1-29 
2019/06/07 14:59:16 INFO  - jmeter.threads.JMeterThread: Stopping because end time detected by thread: Scenario 2 1-34 
2019/06/07 14:59:16 INFO  - jmeter.threads.JMeterThread: Thread finished: Scenario 2 1-34 
2019/06/07 14:59:16 INFO  - jmeter.threads.JMeterThread: Stopping because end time detected by thread: Scenario 2 1-30 
2019/06/07 14:59:16 INFO  - jmeter.threads.JMeterThread: Thread finished: Scenario 2 1-30 
2019/06/07 14:59:16 INFO  - jmeter.threads.JMeterThread: Stopping because end time detected by thread: Scenario 2 1-32 
2019/06/07 14:59:16 INFO  - jmeter.threads.JMeterThread: Thread finished: Scenario 2 1-32 
2019/06/07 14:59:16 INFO  - jmeter.threads.JMeterThread: Stopping because end time detected by thread: Scenario 2 1-38 
2019/06/07 14:59:16 INFO  - jmeter.threads.JMeterThread: Thread finished: Scenario 2 1-38 
2019/06/07 14:59:16 INFO  - jmeter.threads.JMeterThread: Stopping because end time detected by thread: Scenario 2 1-28 
2019/06/07 14:59:16 INFO  - jmeter.threads.JMeterThread: Thread finished: Scenario 2 1-28 
2019/06/07 14:59:17 INFO  - jmeter.threads.JMeterThread: Stopping because end time detected by thread: Scenario 2 1-39 
2019/06/07 14:59:17 INFO  - jmeter.threads.JMeterThread: Thread finished: Scenario 2 1-39 
2019/06/07 14:59:17 INFO  - jmeter.threads.JMeterThread: Stopping because end time detected by thread: Scenario 2 1-33 
2019/06/07 14:59:17 INFO  - jmeter.threads.JMeterThread: Thread finished: Scenario 2 1-33 
2019/06/07 14:59:17 INFO  - jmeter.threads.JMeterThread: Stopping because end time detected by thread: Scenario 2 1-41 
2019/06/07 14:59:17 INFO  - jmeter.threads.JMeterThread: Thread finished: Scenario 2 1-41 
2019/06/07 14:59:17 INFO  - jmeter.threads.JMeterThread: Stopping because end time detected by thread: Scenario 2 1-31 
2019/06/07 14:59:17 INFO  - jmeter.threads.JMeterThread: Thread finished: Scenario 2 1-31 
2019/06/07 14:59:17 INFO  - jmeter.threads.JMeterThread: Stopping because end time detected by thread: Scenario 2 1-36 
2019/06/07 14:59:17 INFO  - jmeter.threads.JMeterThread: Thread finished: Scenario 2 1-36 
2019/06/07 14:59:17 INFO  - jmeter.threads.JMeterThread: Stopping because end time detected by thread: Scenario 2 1-47 
2019/06/07 14:59:17 INFO  - jmeter.threads.JMeterThread: Thread finished: Scenario 2 1-47 
2019/06/07 14:59:17 INFO  - jmeter.threads.JMeterThread: Stopping because end time detected by thread: Scenario 2 1-43 
2019/06/07 14:59:17 INFO  - jmeter.threads.JMeterThread: Thread finished: Scenario 2 1-43 
2019/06/07 14:59:17 INFO  - jmeter.threads.JMeterThread: Stopping because end time detected by thread: Scenario 2 1-37 
2019/06/07 14:59:17 INFO  - jmeter.threads.JMeterThread: Stopping because end time detected by thread: Scenario 2 1-7 
2019/06/07 14:59:17 INFO  - jmeter.threads.JMeterThread: Thread finished: Scenario 2 1-37 
2019/06/07 14:59:17 INFO  - jmeter.threads.JMeterThread: Thread finished: Scenario 2 1-7 
2019/06/07 14:59:17 INFO  - jmeter.threads.JMeterThread: Stopping because end time detected by thread: Scenario 2 1-42 
2019/06/07 14:59:17 INFO  - jmeter.threads.JMeterThread: Thread finished: Scenario 2 1-42 
2019/06/07 14:59:17 INFO  - jmeter.threads.JMeterThread: Stopping because end time detected by thread: Scenario 2 1-50 
2019/06/07 14:59:17 INFO  - jmeter.threads.JMeterThread: Thread finished: Scenario 2 1-50 
2019/06/07 14:59:17 INFO  - jmeter.threads.JMeterThread: Stopping because end time detected by thread: Scenario 2 1-45 
2019/06/07 14:59:17 INFO  - jmeter.threads.JMeterThread: Thread finished: Scenario 2 1-45 
2019/06/07 14:59:17 INFO  - jmeter.threads.JMeterThread: Stopping because end time detected by thread: Scenario 2 1-1 
2019/06/07 14:59:17 INFO  - jmeter.threads.JMeterThread: Thread finished: Scenario 2 1-1 
2019/06/07 14:59:17 INFO  - jmeter.threads.JMeterThread: Stopping because end time detected by thread: Scenario 2 1-35 
2019/06/07 14:59:17 INFO  - jmeter.threads.JMeterThread: Thread finished: Scenario 2 1-35 
2019/06/07 14:59:17 INFO  - jmeter.threads.JMeterThread: Stopping because end time detected by thread: Scenario 2 1-4 
2019/06/07 14:59:17 INFO  - jmeter.threads.JMeterThread: Thread finished: Scenario 2 1-4 
2019/06/07 14:59:17 INFO  - jmeter.threads.JMeterThread: Stopping because end time detected by thread: Scenario 2 1-40 
2019/06/07 14:59:17 INFO  - jmeter.threads.JMeterThread: Thread finished: Scenario 2 1-40 
2019/06/07 14:59:17 INFO  - jmeter.threads.JMeterThread: Stopping because end time detected by thread: Scenario 2 1-6 
2019/06/07 14:59:17 INFO  - jmeter.threads.JMeterThread: Thread finished: Scenario 2 1-6 
2019/06/07 14:59:17 INFO  - jmeter.threads.JMeterThread: Stopping because end time detected by thread: Scenario 2 1-46 
2019/06/07 14:59:17 INFO  - jmeter.threads.JMeterThread: Thread finished: Scenario 2 1-46 
2019/06/07 14:59:17 INFO  - jmeter.threads.JMeterThread: Stopping because end time detected by thread: Scenario 2 1-48 
2019/06/07 14:59:17 INFO  - jmeter.threads.JMeterThread: Thread finished: Scenario 2 1-48 
2019/06/07 14:59:17 INFO  - jmeter.threads.JMeterThread: Stopping because end time detected by thread: Scenario 2 1-44 
2019/06/07 14:59:17 INFO  - jmeter.threads.JMeterThread: Thread finished: Scenario 2 1-44 
2019/06/07 14:59:18 INFO  - jmeter.threads.JMeterThread: Stopping because end time detected by thread: Scenario 2 1-49 
2019/06/07 14:59:18 INFO  - jmeter.threads.JMeterThread: Thread finished: Scenario 2 1-49 
2019/06/07 14:59:18 INFO  - jmeter.threads.JMeterThread: Stopping because end time detected by thread: Scenario 2 1-5 
2019/06/07 14:59:18 INFO  - jmeter.threads.JMeterThread: Thread finished: Scenario 2 1-5 
2019/06/07 14:59:18 INFO  - jmeter.threads.JMeterThread: Stopping because end time detected by thread: Scenario 2 1-3 
2019/06/07 14:59:18 INFO  - jmeter.threads.JMeterThread: Thread finished: Scenario 2 1-3 
2019/06/07 14:59:18 INFO  - jmeter.threads.JMeterThread: Stopping because end time detected by thread: Scenario 2 1-2 
2019/06/07 14:59:18 INFO  - jmeter.threads.JMeterThread: Thread finished: Scenario 2 1-2 
2019/06/07 14:59:18 INFO  - jmeter.threads.JMeterThread: Stopping because end time detected by thread: Scenario 2 1-8 
2019/06/07 14:59:18 INFO  - jmeter.threads.JMeterThread: Thread finished: Scenario 2 1-8 
2019/06/07 14:59:18 INFO  - jmeter.threads.JMeterThread: Stopping because end time detected by thread: Scenario 2 1-9 
2019/06/07 14:59:18 INFO  - jmeter.threads.JMeterThread: Thread finished: Scenario 2 1-9 
2019/06/07 14:59:18 INFO  - jmeter.threads.JMeterThread: Stopping because end time detected by thread: Scenario 2 1-12 
2019/06/07 14:59:18 INFO  - jmeter.threads.JMeterThread: Thread finished: Scenario 2 1-12 
2019/06/07 14:59:18 INFO  - jmeter.threads.JMeterThread: Stopping because end time detected by thread: Scenario 2 1-13 
2019/06/07 14:59:18 INFO  - jmeter.threads.JMeterThread: Thread finished: Scenario 2 1-13 
2019/06/07 14:59:18 INFO  - jmeter.threads.JMeterThread: Stopping because end time detected by thread: Scenario 2 1-11 
2019/06/07 14:59:18 INFO  - jmeter.threads.JMeterThread: Thread finished: Scenario 2 1-11 
2019/06/07 14:59:18 INFO  - jmeter.threads.JMeterThread: Stopping because end time detected by thread: Scenario 2 1-10 
2019/06/07 14:59:18 INFO  - jmeter.threads.JMeterThread: Thread finished: Scenario 2 1-10 
2019/06/07 14:59:18 INFO  - jmeter.threads.JMeterThread: Stopping because end time detected by thread: Scenario 2 1-14 
2019/06/07 14:59:18 INFO  - jmeter.threads.JMeterThread: Thread finished: Scenario 2 1-14 
2019/06/07 14:59:18 INFO  - jmeter.threads.JMeterThread: Stopping because end time detected by thread: Scenario 2 1-15 
2019/06/07 14:59:18 INFO  - jmeter.threads.JMeterThread: Thread finished: Scenario 2 1-15 
2019/06/07 14:59:18 INFO  - jmeter.threads.JMeterThread: Stopping because end time detected by thread: Scenario 2 1-17 
2019/06/07 14:59:18 INFO  - jmeter.threads.JMeterThread: Thread finished: Scenario 2 1-17 
2019/06/07 14:59:18 INFO  - jmeter.threads.JMeterThread: Stopping because end time detected by thread: Scenario 2 1-18 
2019/06/07 14:59:18 INFO  - jmeter.threads.JMeterThread: Thread finished: Scenario 2 1-18 
2019/06/07 14:59:19 INFO  - jmeter.threads.JMeterThread: Stopping because end time detected by thread: Scenario 2 1-16 
2019/06/07 14:59:19 INFO  - jmeter.threads.JMeterThread: Thread finished: Scenario 2 1-16 
2019/06/07 14:59:19 INFO  - jmeter.threads.JMeterThread: Stopping because end time detected by thread: Scenario 2 1-24 
2019/06/07 14:59:19 INFO  - jmeter.threads.JMeterThread: Thread finished: Scenario 2 1-24 
2019/06/07 14:59:19 INFO  - jmeter.threads.JMeterThread: Stopping because end time detected by thread: Scenario 2 1-22 
2019/06/07 14:59:19 INFO  - jmeter.threads.JMeterThread: Thread finished: Scenario 2 1-22 
2019/06/07 14:59:19 INFO  - jmeter.threads.JMeterThread: Stopping because end time detected by thread: Scenario 2 1-23 
2019/06/07 14:59:19 INFO  - jmeter.threads.JMeterThread: Thread finished: Scenario 2 1-23 
2019/06/07 14:59:19 INFO  - jmeter.threads.JMeterThread: Stopping because end time detected by thread: Scenario 2 1-20 
2019/06/07 14:59:19 INFO  - jmeter.threads.JMeterThread: Thread finished: Scenario 2 1-20 
2019/06/07 14:59:19 INFO  - jmeter.threads.JMeterThread: Stopping because end time detected by thread: Scenario 2 1-21 
2019/06/07 14:59:19 INFO  - jmeter.threads.JMeterThread: Thread finished: Scenario 2 1-21 
2019/06/07 14:59:19 INFO  - jmeter.threads.JMeterThread: Stopping because end time detected by thread: Scenario 2 1-19 
2019/06/07 14:59:19 INFO  - jmeter.threads.JMeterThread: Thread finished: Scenario 2 1-19 
2019/06/07 14:59:19 INFO  - jmeter.engine.StandardJMeterEngine: Notifying test listeners of end of test 
2019/06/07 14:59:19 INFO  - jmeter.reporters.Summariser: summary +    313 in  19.4s =   16.2/s Avg:   114 Min:     1 Max:   917 Err:     0 (0.00%) Active: 0 Started: 50 Finished: 50 
2019/06/07 14:59:19 INFO  - jmeter.reporters.Summariser: summary =    974 in    63s =   15.5/s Avg:   116 Min:     1 Max:   917 Err:     0 (0.00%) 
